<?xml version="1.0" encoding="UTF-8"?>
<testng-results skipped="0" failed="0" total="1" passed="1">
  <reporter-output>
  </reporter-output>
  <suite name="Default suite" duration-ms="17418" started-at="2019-04-21T13:23:18Z" finished-at="2019-04-21T13:23:35Z">
    <groups>
    </groups>
    <test name="Default test" duration-ms="17418" started-at="2019-04-21T13:23:18Z" finished-at="2019-04-21T13:23:35Z">
      <class name="com.lessons.one.ResizeTest">
        <test-method status="PASS" signature="sampleFour()[pri:0, instance:com.lessons.one.ResizeTest@5034c75a]" name="sampleFour" duration-ms="17393" started-at="2019-04-21T18:53:18Z" finished-at="2019-04-21T18:53:35Z">
          <reporter-output>
          </reporter-output>
        </test-method> <!-- sampleFour -->
      </class> <!-- com.lessons.one.ResizeTest -->
    </test> <!-- Default test -->
  </suite> <!-- Default suite -->
</testng-results>
